New demo request created: 68931af92ca5a6c25302addf from bilel.khabtani11@gmail.com at 2025-08-06T09:06:01.563Z
New demo request created: 68931c30456a28939ec76344 from bilel.khabtani11@gmail.com at 2025-08-06T09:11:12.919Z
New demo request created: 68931e939514cc1c2f638e33 from bilel.khabtani11@gmail.com at 2025-08-06T09:21:23.105Z
New demo request created: 68931f53d0c8b6eb56555dd8 from bilel.khabtani11@gmail.com at 2025-08-06T09:24:35.831Z
New demo request created: 6893201494dc38ee502b6531 from bilel.khabtani11@gmail.com at 2025-08-06T09:27:48.750Z
New demo request created: 68932058638c9a00c9c9299a from bilel.khabtani11@gmail.com at 2025-08-06T09:28:56.931Z
New demo request created: 689320f6cb1578b928bcbb01 from bilel.khabtani11@gmail.com at 2025-08-06T09:31:34.310Z
New demo request created: 68932374f624fb4c75ed3bfd from bilel.khabtani11@gmail.com at 2025-08-06T09:42:13.033Z
New demo request created: 68932476446e848586a4b931 from bilel.khabtani11@gmail.com at 2025-08-06T09:46:30.809Z
New demo request created: 689324e679a56bafaead5cd8 from bilel.khabtani11@gmail.com at 2025-08-06T09:48:22.356Z
New demo request created: 6893255c004e95ba2ed34e8e from bilel.khabtani11@gmail.com at 2025-08-06T09:50:21.080Z
New demo request created: 689326908c6633fde8496f2b from bilel.khabtani11@gmail.com at 2025-08-06T09:55:28.709Z
New demo request created: 68932734b1638ddf48fee9c2 from bilel.khabtani11@gmail.com at 2025-08-06T09:58:12.478Z
New demo request created: 6893285ee7cf06ae8382ba4b from bilel.khabthani11@gmail.com at 2025-08-06T10:03:10.889Z
New demo request created: 689328ede7cf06ae8382ba4d from bilel.khabthani11@gmail.com at 2025-08-06T10:05:33.977Z
New demo request created: 68932959e7cf06ae8382ba4f from bilel.khabthani11@gmail.com at 2025-08-06T10:07:21.526Z
New demo request created: 68932e2a8b0b31e377a03fcb from bilel.khabtani11@gmail.com at 2025-08-06T10:27:54.801Z
Error processing demo request: Cannot destructure property 'message' of 'req.body' as it is undefined. at 2025-08-06T17:22:14.310Z
New demo request created: 68938fbf0644224fa6372b3e from bilel.khabtani11@gmail.com at 2025-08-06T17:24:16.030Z
New demo request created: 68939063e193a359f35a0737 from bilel.khabtani11@gmail.com at 2025-08-06T17:26:59.281Z
New demo request created: 689390f3497c722c24a538e1 from bilel.khabtani11@gmail.com at 2025-08-06T17:29:23.938Z
New demo request created: 68945ab074dc9c457fc1dbf4 from bilel.khabtani11@gmail.com at 2025-08-07T07:50:08.189Z
New demo request created: 68945ce08686f4e112465e6a from bilel.khabtani11@gmail.com at 2025-08-07T07:59:29.027Z
New demo request created: 68949a62ee4fa1fbc94b3b2b from info@salambo-proserv.com at 2025-08-07T12:21:54.362Z
New demo request created: 68949aeaee4fa1fbc94b3b2d from info@salambo-proserv.com at 2025-08-07T12:24:10.124Z
New demo request created: 68949b61ee4fa1fbc94b3b2f from sondes.meddeb011993@gmail.com at 2025-08-07T12:26:09.788Z
New demo request created: 68949bbfee4fa1fbc94b3b31 from dhiaayadi25@gmail.com at 2025-08-07T12:27:43.395Z
New demo request created: 68949cf9d5f1d7d187ee05dd from dhiaayadi25@gmail.com at 2025-08-07T12:32:58.084Z
New demo request created: 68949d4ed5f1d7d187ee05df from info@salambo-proserv.com at 2025-08-07T12:34:22.562Z
New demo request created: 6894a25108f706943daaa9b3 from bilel.khabtani11@gmail.com at 2025-08-07T12:55:45.287Z
New demo request created: 6894a7bb080bc9acf7d8fa74 from bilel.khabtani11@gmail.com at 2025-08-07T13:18:51.633Z
New demo request created: 6894a878fc1eb9681b750f9d from bilel.khabtani11@gmail.com at 2025-08-07T13:22:00.504Z
New demo request created: 6894a9e901a384ebbc25ac87 from bilel.khabtani11@gmail.com at 2025-08-07T13:28:09.668Z
New demo request created: 6894accf01a384ebbc25ac8f from bilel.khabtani11@gmail.com at 2025-08-07T13:40:31.433Z
New demo request created: 6894adf701a384ebbc25ac9d from info@salambo-proserv.com at 2025-08-07T13:45:27.107Z
New demo request created: 6895d3a201eb2033c2dd0c73 from bilel.khabtani11@gmail.com at 2025-08-08T10:38:26.468Z
New demo request created: 6895d601bd571d1d3788090c from bilel.khabtani11@gmail.com at 2025-08-08T10:48:33.483Z
New demo request created: 6895d6d1e13fbf084edcfeaa from bilel.khabtani11@gmail.com at 2025-08-08T10:52:02.031Z
New demo request created: 6895d7d702f162858c8ae85a from bilel.khabtani11@gmail.com at 2025-08-08T10:56:23.976Z
New demo request created: 6895dec802f162858c8ae876 from bilel.khabtani11@gmail.com at 2025-08-08T11:26:00.775Z
New demo request created: 68976c8312ff74d8741d1850 from bilel.khabthani11@gmail.com at 2025-08-09T15:42:59.555Z
Error processing demo request: Demo validation failed: requestedDate: Path `requestedDate` is required., status: `demo-request` is not a valid enum value for path `status`. at 2025-08-09T16:41:46.439Z
Error processing demo request: Demo validation failed: requestedDate: Path `requestedDate` is required., status: `demo-request` is not a valid enum value for path `status`. at 2025-08-09T16:41:49.160Z
Error processing demo request: Demo validation failed: status: `demo-request` is not a valid enum value for path `status`. at 2025-08-09T16:42:30.333Z
